2025-04-10 22:02:41 - web_scraper.utils.user_agent - INFO - Successfully initialized fake-useragent
2025-04-10 22:02:41 - root - INFO - Processing URL: https://www.sciencedirect.com/science/article/abs/pii/S0927537122001968
2025-04-10 22:02:42 - root - ERROR - Error processing URL https://www.sciencedirect.com/science/article/abs/pii/S0927537122001968: 403 Client Error: Forbidden for url: https://www.sciencedirect.com/science/article/abs/pii/S0927537122001968
2025-04-10 22:02:42 - web_scraper.database.data_processor - WARNING - Empty data provided for cleaning
2025-04-10 22:02:42 - web_scraper.database.data_processor - INFO - Saved 0 records to JSON file: ./data/scraped_data.json
2025-04-10 22:02:42 - root - INFO - Scraping completed. Processed 1 URLs, extracted 0 results.
2025-04-10 22:04:34 - web_scraper.utils.user_agent - INFO - Successfully initialized fake-useragent
2025-04-10 22:04:34 - root - INFO - Processing URL: https://singapore.diplomatie.belgium.be/en/travel-belgium/visa-belgium/visa-faq
2025-04-10 22:05:37 - web_scraper.utils.user_agent - INFO - Successfully initialized fake-useragent
2025-04-10 22:05:37 - root - INFO - Processing URL: https://singapore.diplomatie.belgium.be/en/travel-belgium/visa-belgium/visa-faq
2025-04-10 22:05:39 - web_scraper.database.data_processor - INFO - Saved 1 records to JSON file: ./data/scraped_data.json
2025-04-10 22:05:39 - root - INFO - Scraping completed. Processed 1 URLs, extracted 1 results.
2025-04-10 22:10:49 - web_scraper.utils.parallel_processor - INFO - Read 8 URLs from urls.txt
2025-04-10 22:10:49 - web_scraper.utils.user_agent - INFO - Successfully initialized fake-useragent
2025-04-10 22:10:49 - web_scraper.utils.parallel_processor - INFO - Starting parallel processing of 8 URLs with 5 workers
2025-04-10 22:10:49 - root - INFO - Processing URL: https://www.uscis.gov/humanitarian/refugees-and-asylum
2025-04-10 22:10:49 - root - INFO - Processing URL: https://www.uscis.gov/forms/explore-my-options
2025-04-10 22:10:49 - root - INFO - Processing URL: https://www.uscis.gov/green-card
2025-04-10 22:10:49 - root - INFO - Processing URL: https://www.immigration.govt.nz/new-zealand-visas
2025-04-10 22:10:49 - root - INFO - Processing URL: https://www.canada.ca/en/immigration-refugees-citizenship/services/immigrate-canada.html
2025-04-10 22:10:52 - root - INFO - Processing URL: https://www.gov.uk/browse/visas-immigration
2025-04-10 22:10:52 - web_scraper.utils.parallel_processor - INFO - Completed 1/8: https://www.immigration.govt.nz/new-zealand-visas
2025-04-10 22:10:53 - root - INFO - Processing URL: https://singapore.diplomatie.belgium.be/en/travel-belgium/visa-belgium/visa-faq
2025-04-10 22:10:53 - web_scraper.utils.parallel_processor - INFO - Completed 2/8: https://www.uscis.gov/humanitarian/refugees-and-asylum
2025-04-10 22:10:53 - root - INFO - Processing URL: https://www.australia.gov.au/information-and-services/immigration-and-visas
2025-04-10 22:10:53 - web_scraper.utils.parallel_processor - INFO - Completed 3/8: https://www.gov.uk/browse/visas-immigration
2025-04-10 22:10:54 - web_scraper.utils.parallel_processor - INFO - Completed 4/8: https://singapore.diplomatie.belgium.be/en/travel-belgium/visa-belgium/visa-faq
2025-04-10 22:10:56 - web_scraper.utils.parallel_processor - INFO - Completed 5/8: https://www.australia.gov.au/information-and-services/immigration-and-visas
2025-04-10 22:11:02 - web_scraper.utils.parallel_processor - INFO - Completed 6/8: https://www.uscis.gov/green-card
2025-04-10 22:11:02 - web_scraper.utils.parallel_processor - INFO - Completed 7/8: https://www.uscis.gov/forms/explore-my-options
2025-04-10 22:11:24 - web_scraper.core.rate_limiter - WARNING - Request failed (attempt 1/4): HTTPSConnectionPool(host='www.canada.ca', port=443): Read timed out. (read timeout=30)
2025-04-10 22:11:24 - web_scraper.core.rate_limiter - INFO - Retry 1/3: Waiting 1.00 seconds
2025-04-10 22:11:58 - web_scraper.core.rate_limiter - WARNING - Request failed (attempt 2/4): HTTPSConnectionPool(host='www.canada.ca', port=443): Read timed out. (read timeout=30)
2025-04-10 22:11:58 - web_scraper.core.rate_limiter - INFO - Retry 2/3: Waiting 2.08 seconds
2025-04-10 22:12:33 - web_scraper.core.rate_limiter - WARNING - Request failed (attempt 3/4): HTTPSConnectionPool(host='www.canada.ca', port=443): Read timed out. (read timeout=30)
2025-04-10 22:12:33 - web_scraper.core.rate_limiter - INFO - Retry 3/3: Waiting 4.33 seconds
2025-04-10 22:13:11 - web_scraper.core.rate_limiter - WARNING - Request failed (attempt 4/4): HTTPSConnectionPool(host='www.canada.ca', port=443): Read timed out. (read timeout=30)
2025-04-10 22:13:11 - root - ERROR - Error processing URL https://www.canada.ca/en/immigration-refugees-citizenship/services/immigrate-canada.html: HTTPSConnectionPool(host='www.canada.ca', port=443): Read timed out. (read timeout=30)
2025-04-10 22:13:11 - web_scraper.utils.parallel_processor - INFO - Completed 8/8: https://www.canada.ca/en/immigration-refugees-citizenship/services/immigrate-canada.html
2025-04-10 22:13:11 - web_scraper.utils.parallel_processor - INFO - Parallel processing completed. Processed 8 URLs successfully
2025-04-10 22:13:11 - web_scraper.database.data_processor - INFO - Saved 8 records to JSON file: ./data/scraped_data.json
2025-04-10 22:13:11 - root - INFO - Scraping completed. Processed 8 URLs, extracted 8 results.
2025-04-10 22:32:52 - root - INFO - Loaded configuration from config.json
2025-04-10 22:32:52 - web_scraper.utils.user_agent - INFO - Successfully initialized fake-useragent
2025-04-10 22:32:52 - root - INFO - Processing URL: https://www.uscis.gov/humanitarian/refugees-and-asylum
2025-04-10 22:32:54 - root - INFO - Processing URL: https://www.uscis.gov/forms/explore-my-options
2025-04-10 22:33:57 - root - INFO - Loaded configuration from config.json
2025-04-10 22:33:57 - web_scraper.utils.user_agent - INFO - Successfully initialized fake-useragent
2025-04-10 22:33:57 - root - INFO - Processing URL: https://www.uscis.gov/humanitarian/refugees-and-asylum
2025-04-10 22:33:59 - root - INFO - Processing URL: https://www.uscis.gov/forms/explore-my-options
2025-04-10 22:34:09 - root - INFO - Processing URL: https://www.uscis.gov/green-card
2025-04-10 22:34:24 - root - INFO - Processing URL: https://www.uscis.gov/forms/all-forms
2025-04-10 22:34:35 - root - INFO - Processing URL: https://www.uscis.gov/tools/processing-times
2025-04-10 22:34:49 - root - ERROR - Error processing URL https://www.uscis.gov/tools/processing-times: 404 Client Error: Not Found for url: https://www.uscis.gov/tools/processing-times
2025-04-10 22:34:49 - root - INFO - Processing URL: https://www.uscis.gov/policy-manual
2025-04-10 22:34:56 - root - INFO - Processing URL: https://www.uscis.gov/about-us/policy-and-strategy/office-of-policy-and-strategy-news
2025-04-10 22:37:06 - root - INFO - Loaded configuration from config.json
2025-04-10 22:37:06 - web_scraper.utils.user_agent - INFO - Successfully initialized fake-useragent
2025-04-10 22:37:06 - web_scraper.utils.parallel_processor - INFO - Starting parallel processing of 20 URLs with 8 workers
2025-04-10 22:37:06 - root - INFO - Processing URL: https://www.uscis.gov/humanitarian/refugees-and-asylum
2025-04-10 22:37:06 - root - INFO - Processing URL: https://www.uscis.gov/forms/explore-my-options
2025-04-10 22:37:06 - root - INFO - Processing URL: https://www.uscis.gov/green-card
2025-04-10 22:37:06 - root - INFO - Processing URL: https://www.uscis.gov/forms/all-forms
2025-04-10 22:37:06 - root - INFO - Processing URL: https://www.uscis.gov/tools/processing-times
2025-04-10 22:37:06 - root - INFO - Processing URL: https://www.uscis.gov/policy-manual
2025-04-10 22:37:06 - root - INFO - Processing URL: https://www.uscis.gov/about-us/policy-and-strategy/office-of-policy-and-strategy-news
2025-04-10 22:37:06 - root - INFO - Processing URL: https://www.uscis.gov/humanitarian/frequently-asked-questions-faqs
2025-04-10 22:37:07 - root - INFO - Processing URL: https://www.unhcr.org/refugee-statistics/
2025-04-10 22:37:07 - web_scraper.utils.parallel_processor - INFO - Completed 1/20: https://www.uscis.gov/forms/explore-my-options
2025-04-10 22:37:13 - root - ERROR - Error processing URL https://www.unhcr.org/refugee-statistics/: 403 Client Error: Forbidden for url: https://www.unhcr.org/refugee-statistics/
2025-04-10 22:37:13 - root - INFO - Processing URL: https://www.unhcr.org/globaltrends
2025-04-10 22:37:13 - web_scraper.utils.parallel_processor - INFO - Completed 2/20: https://www.unhcr.org/refugee-statistics/
2025-04-10 22:37:14 - root - ERROR - Error processing URL https://www.unhcr.org/globaltrends: 403 Client Error: Forbidden for url: https://www.unhcr.org/globaltrends
2025-04-10 22:37:14 - root - INFO - Processing URL: https://www.unhcr.org/data-and-demographics
2025-04-10 22:37:14 - web_scraper.utils.parallel_processor - INFO - Completed 3/20: https://www.unhcr.org/globaltrends
2025-04-10 22:37:17 - root - ERROR - Error processing URL https://www.unhcr.org/data-and-demographics: 403 Client Error: Forbidden for url: https://www.unhcr.org/data-and-demographics
2025-04-10 22:37:17 - root - INFO - Processing URL: https://trac.syr.edu/immigration/detention/
2025-04-10 22:37:17 - web_scraper.utils.parallel_processor - INFO - Completed 4/20: https://www.unhcr.org/data-and-demographics
2025-04-10 22:37:17 - root - INFO - Processing URL: https://trac.syr.edu/immigration/reports/latest/
2025-04-10 22:37:17 - web_scraper.utils.parallel_processor - INFO - Completed 5/20: https://www.uscis.gov/green-card
2025-04-10 22:37:17 - root - INFO - Processing URL: https://trac.syr.edu/immigration/quickfacts/
2025-04-10 22:37:17 - web_scraper.utils.parallel_processor - INFO - Completed 6/20: https://www.uscis.gov/policy-manual
2025-04-10 22:37:17 - root - ERROR - Error processing URL https://www.uscis.gov/tools/processing-times: 404 Client Error: Not Found for url: https://www.uscis.gov/tools/processing-times
2025-04-10 22:37:17 - root - INFO - Processing URL: https://travel.stackexchange.com/questions/tagged/customs-and-immigration
2025-04-10 22:37:17 - web_scraper.utils.parallel_processor - INFO - Completed 7/20: https://www.uscis.gov/tools/processing-times
2025-04-10 22:37:18 - root - INFO - Processing URL: https://dtm.iom.int/
2025-04-10 22:37:18 - web_scraper.utils.parallel_processor - INFO - Completed 8/20: https://www.uscis.gov/humanitarian/refugees-and-asylum
2025-04-10 22:37:18 - root - INFO - Processing URL: https://dtm.iom.int/datasets
2025-04-10 22:37:19 - root - INFO - Processing URL: https://dtm.iom.int/reports
2025-04-10 22:37:20 - web_scraper.core.rate_limiter - WARNING - Request failed (attempt 1/6): HTTPSConnectionPool(host='trac.syr.edu', port=443): Max retries exceeded with url: /immigration/detention/ (Caused by SSLError(SSLCertVerificationError(1, "[SSL: CERTIFICATE_VERIFY_FAILED] certificate verify failed: Hostname mismatch, certificate is not valid for 'trac.syr.edu'. (_ssl.c:1000)")))
2025-04-10 22:37:20 - web_scraper.core.rate_limiter - INFO - Retry 1/5: Waiting 3.19 seconds
2025-04-10 22:37:20 - root - ERROR - Error processing URL https://www.uscis.gov/humanitarian/frequently-asked-questions-faqs: 404 Client Error: Not Found for url: https://www.uscis.gov/humanitarian/frequently-asked-questions-faqs
2025-04-10 22:37:20 - root - INFO - Processing URL: https://www.oecd.org/migration/mig/oecdmigrationdatabases.htm
2025-04-10 22:37:20 - root - ERROR - Error processing URL https://www.uscis.gov/about-us/policy-and-strategy/office-of-policy-and-strategy-news: 404 Client Error: Not Found for url: https://www.uscis.gov/about-us/policy-and-strategy/office-of-policy-and-strategy-news
2025-04-10 22:37:20 - root - INFO - Processing URL: https://www.oecd.org/migration/integration-indicators-2012/
2025-04-10 22:37:20 - web_scraper.utils.parallel_processor - INFO - Completed 9/20: https://www.uscis.gov/forms/all-forms
2025-04-10 22:37:20 - web_scraper.utils.parallel_processor - INFO - Completed 10/20: https://travel.stackexchange.com/questions/tagged/customs-and-immigration
2025-04-10 22:37:20 - web_scraper.utils.parallel_processor - INFO - Completed 11/20: https://www.uscis.gov/humanitarian/frequently-asked-questions-faqs
2025-04-10 22:37:20 - web_scraper.utils.parallel_processor - INFO - Completed 12/20: https://www.uscis.gov/about-us/policy-and-strategy/office-of-policy-and-strategy-news
2025-04-10 22:37:21 - web_scraper.utils.parallel_processor - INFO - Completed 13/20: https://dtm.iom.int/
2025-04-10 22:37:22 - root - ERROR - Error processing URL https://www.oecd.org/migration/mig/oecdmigrationdatabases.htm: 403 Client Error: Forbidden for url: https://www.oecd.org/migration/mig/oecdmigrationdatabases.htm
2025-04-10 22:37:22 - web_scraper.utils.parallel_processor - INFO - Completed 14/20: https://www.oecd.org/migration/mig/oecdmigrationdatabases.htm
2025-04-10 22:37:22 - web_scraper.core.rate_limiter - WARNING - Request failed (attempt 1/6): HTTPSConnectionPool(host='trac.syr.edu', port=443): Max retries exceeded with url: /immigration/reports/latest/ (Caused by SSLError(SSLCertVerificationError(1, "[SSL: CERTIFICATE_VERIFY_FAILED] certificate verify failed: Hostname mismatch, certificate is not valid for 'trac.syr.edu'. (_ssl.c:1000)")))
2025-04-10 22:37:22 - web_scraper.core.rate_limiter - INFO - Retry 1/5: Waiting 3.07 seconds
2025-04-10 22:37:23 - web_scraper.utils.parallel_processor - INFO - Completed 15/20: https://dtm.iom.int/datasets
2025-04-10 22:37:23 - web_scraper.utils.parallel_processor - INFO - Completed 16/20: https://dtm.iom.int/reports
2025-04-10 22:37:24 - web_scraper.core.rate_limiter - WARNING - Request failed (attempt 2/6): HTTPSConnectionPool(host='trac.syr.edu', port=443): Max retries exceeded with url: /immigration/detention/ (Caused by SSLError(SSLCertVerificationError(1, "[SSL: CERTIFICATE_VERIFY_FAILED] certificate verify failed: Hostname mismatch, certificate is not valid for 'trac.syr.edu'. (_ssl.c:1000)")))
2025-04-10 22:37:24 - web_scraper.core.rate_limiter - INFO - Retry 2/5: Waiting 6.23 seconds
2025-04-10 22:37:24 - web_scraper.core.rate_limiter - WARNING - Request failed (attempt 1/6): HTTPSConnectionPool(host='trac.syr.edu', port=443): Max retries exceeded with url: /immigration/quickfacts/ (Caused by SSLError(SSLCertVerificationError(1, "[SSL: CERTIFICATE_VERIFY_FAILED] certificate verify failed: Hostname mismatch, certificate is not valid for 'trac.syr.edu'. (_ssl.c:1000)")))
2025-04-10 22:37:24 - web_scraper.core.rate_limiter - INFO - Retry 1/5: Waiting 3.25 seconds
2025-04-10 22:37:25 - root - ERROR - Error processing URL https://www.oecd.org/migration/integration-indicators-2012/: 403 Client Error: Forbidden for url: https://www.oecd.org/migration/integration-indicators-2012/
2025-04-10 22:37:25 - web_scraper.utils.parallel_processor - INFO - Completed 17/20: https://www.oecd.org/migration/integration-indicators-2012/
2025-04-10 22:37:26 - web_scraper.core.rate_limiter - WARNING - Request failed (attempt 2/6): HTTPSConnectionPool(host='trac.syr.edu', port=443): Max retries exceeded with url: /immigration/reports/latest/ (Caused by SSLError(SSLCertVerificationError(1, "[SSL: CERTIFICATE_VERIFY_FAILED] certificate verify failed: Hostname mismatch, certificate is not valid for 'trac.syr.edu'. (_ssl.c:1000)")))
2025-04-10 22:37:26 - web_scraper.core.rate_limiter - INFO - Retry 2/5: Waiting 6.41 seconds
2025-04-10 22:37:28 - web_scraper.core.rate_limiter - WARNING - Request failed (attempt 2/6): HTTPSConnectionPool(host='trac.syr.edu', port=443): Max retries exceeded with url: /immigration/quickfacts/ (Caused by SSLError(SSLCertVerificationError(1, "[SSL: CERTIFICATE_VERIFY_FAILED] certificate verify failed: Hostname mismatch, certificate is not valid for 'trac.syr.edu'. (_ssl.c:1000)")))
2025-04-10 22:37:28 - web_scraper.core.rate_limiter - INFO - Retry 2/5: Waiting 6.32 seconds
2025-04-10 22:37:33 - web_scraper.core.rate_limiter - WARNING - Request failed (attempt 3/6): HTTPSConnectionPool(host='trac.syr.edu', port=443): Max retries exceeded with url: /immigration/detention/ (Caused by SSLError(SSLCertVerificationError(1, "[SSL: CERTIFICATE_VERIFY_FAILED] certificate verify failed: Hostname mismatch, certificate is not valid for 'trac.syr.edu'. (_ssl.c:1000)")))
2025-04-10 22:37:33 - web_scraper.core.rate_limiter - INFO - Retry 3/5: Waiting 12.20 seconds
2025-04-10 22:37:33 - web_scraper.core.rate_limiter - WARNING - Request failed (attempt 3/6): HTTPSConnectionPool(host='trac.syr.edu', port=443): Max retries exceeded with url: /immigration/reports/latest/ (Caused by SSLError(SSLCertVerificationError(1, "[SSL: CERTIFICATE_VERIFY_FAILED] certificate verify failed: Hostname mismatch, certificate is not valid for 'trac.syr.edu'. (_ssl.c:1000)")))
2025-04-10 22:37:33 - web_scraper.core.rate_limiter - INFO - Retry 3/5: Waiting 12.01 seconds
2025-04-10 22:37:35 - web_scraper.core.rate_limiter - WARNING - Request failed (attempt 3/6): HTTPSConnectionPool(host='trac.syr.edu', port=443): Max retries exceeded with url: /immigration/quickfacts/ (Caused by SSLError(SSLCertVerificationError(1, "[SSL: CERTIFICATE_VERIFY_FAILED] certificate verify failed: Hostname mismatch, certificate is not valid for 'trac.syr.edu'. (_ssl.c:1000)")))
2025-04-10 22:37:35 - web_scraper.core.rate_limiter - INFO - Retry 3/5: Waiting 12.06 seconds
2025-04-10 22:37:48 - web_scraper.core.rate_limiter - WARNING - Request failed (attempt 4/6): HTTPSConnectionPool(host='trac.syr.edu', port=443): Max retries exceeded with url: /immigration/detention/ (Caused by SSLError(SSLCertVerificationError(1, "[SSL: CERTIFICATE_VERIFY_FAILED] certificate verify failed: Hostname mismatch, certificate is not valid for 'trac.syr.edu'. (_ssl.c:1000)")))
2025-04-10 22:37:48 - web_scraper.core.rate_limiter - INFO - Retry 4/5: Waiting 26.05 seconds
2025-04-10 22:37:49 - web_scraper.core.rate_limiter - WARNING - Request failed (attempt 4/6): HTTPSConnectionPool(host='trac.syr.edu', port=443): Max retries exceeded with url: /immigration/reports/latest/ (Caused by SSLError(SSLCertVerificationError(1, "[SSL: CERTIFICATE_VERIFY_FAILED] certificate verify failed: Hostname mismatch, certificate is not valid for 'trac.syr.edu'. (_ssl.c:1000)")))
2025-04-10 22:37:49 - web_scraper.core.rate_limiter - INFO - Retry 4/5: Waiting 24.57 seconds
2025-04-10 22:37:50 - web_scraper.core.rate_limiter - WARNING - Request failed (attempt 4/6): HTTPSConnectionPool(host='trac.syr.edu', port=443): Max retries exceeded with url: /immigration/quickfacts/ (Caused by SSLError(SSLCertVerificationError(1, "[SSL: CERTIFICATE_VERIFY_FAILED] certificate verify failed: Hostname mismatch, certificate is not valid for 'trac.syr.edu'. (_ssl.c:1000)")))
2025-04-10 22:37:50 - web_scraper.core.rate_limiter - INFO - Retry 4/5: Waiting 24.61 seconds
2025-04-10 22:40:57 - web_scraper.utils.parallel_processor - INFO - Read 11 URLs from immigration_urls.txt
2025-04-10 22:40:57 - web_scraper.utils.user_agent - INFO - Successfully initialized fake-useragent
2025-04-10 22:40:57 - web_scraper.utils.parallel_processor - INFO - Starting parallel processing of 11 URLs with 3 workers
2025-04-10 22:40:57 - root - INFO - Processing URL: https://www.uscis.gov/humanitarian/refugees-and-asylum
2025-04-10 22:40:57 - root - INFO - Processing URL: https://www.uscis.gov/forms/explore-my-options
2025-04-10 22:40:57 - root - INFO - Processing URL: https://www.uscis.gov/green-card
2025-04-10 22:40:58 - web_scraper.parsers.html_parser - WARNING - No tables found in the HTML content
2025-04-10 22:40:58 - root - INFO - Processing URL: https://www.usa.gov/immigration-and-citizenship
2025-04-10 22:40:58 - web_scraper.utils.parallel_processor - INFO - Completed 1/11: https://www.uscis.gov/green-card
2025-04-10 22:41:09 - web_scraper.parsers.html_parser - WARNING - No tables found in the HTML content
2025-04-10 22:41:09 - root - INFO - Processing URL: https://www.dhs.gov/immigration-statistics
2025-04-10 22:41:09 - web_scraper.utils.parallel_processor - INFO - Completed 2/11: https://www.usa.gov/immigration-and-citizenship
2025-04-10 22:41:11 - web_scraper.parsers.html_parser - WARNING - No tables found in the HTML content
2025-04-10 22:41:11 - root - INFO - Processing URL: https://www.uscis.gov/i-9-central
2025-04-10 22:41:11 - web_scraper.utils.parallel_processor - INFO - Completed 3/11: https://www.uscis.gov/forms/explore-my-options
2025-04-10 22:41:11 - web_scraper.parsers.html_parser - WARNING - No tables found in the HTML content
2025-04-10 22:41:11 - root - INFO - Processing URL: https://www.ice.gov/
2025-04-10 22:41:13 - web_scraper.utils.parallel_processor - INFO - Completed 4/11: https://www.uscis.gov/humanitarian/refugees-and-asylum
2025-04-10 22:41:13 - web_scraper.parsers.html_parser - WARNING - No tables found in the HTML content
2025-04-10 22:41:13 - root - INFO - Processing URL: https://www.cbp.gov/
2025-04-10 22:41:13 - web_scraper.utils.parallel_processor - INFO - Completed 5/11: https://www.dhs.gov/immigration-statistics
2025-04-10 22:41:13 - web_scraper.parsers.html_parser - WARNING - No tables found in the HTML content
2025-04-10 22:41:13 - root - INFO - Processing URL: https://www.acf.hhs.gov/orr
2025-04-10 22:41:13 - web_scraper.utils.parallel_processor - INFO - Completed 6/11: https://www.ice.gov/
2025-04-10 22:41:15 - web_scraper.parsers.html_parser - WARNING - No tables found in the HTML content
2025-04-10 22:41:15 - root - INFO - Processing URL: https://www.justice.gov/eoir
2025-04-10 22:41:15 - web_scraper.utils.parallel_processor - INFO - Completed 7/11: https://www.cbp.gov/
2025-04-10 22:41:17 - web_scraper.parsers.html_parser - WARNING - No tables found in the HTML content
2025-04-10 22:41:17 - root - INFO - Processing URL: https://travel.state.gov/content/travel/en/us-visas.html
2025-04-10 22:41:17 - web_scraper.utils.parallel_processor - INFO - Completed 8/11: https://www.justice.gov/eoir
2025-04-10 22:41:19 - web_scraper.parsers.html_parser - WARNING - No tables found in the HTML content
2025-04-10 22:41:19 - web_scraper.utils.parallel_processor - INFO - Completed 9/11: https://www.acf.hhs.gov/orr
2025-04-10 22:41:22 - web_scraper.parsers.html_parser - WARNING - No tables found in the HTML content
2025-04-10 22:41:22 - web_scraper.utils.parallel_processor - INFO - Completed 10/11: https://www.uscis.gov/i-9-central
2025-04-10 22:41:23 - web_scraper.utils.parallel_processor - INFO - Completed 11/11: https://travel.state.gov/content/travel/en/us-visas.html
2025-04-10 22:41:23 - web_scraper.utils.parallel_processor - INFO - Parallel processing completed. Processed 11 URLs successfully
2025-04-10 22:41:23 - web_scraper.database.data_processor - INFO - Saved 11 records to JSON file: ./data/immigration_data.json
2025-04-10 22:41:23 - root - INFO - Scraping completed. Processed 11 URLs, extracted 11 results.
2025-04-10 22:44:44 - web_scraper.utils.parallel_processor - INFO - Read 11 URLs from immigration_urls.txt
2025-04-10 22:44:44 - web_scraper.utils.user_agent - INFO - Successfully initialized fake-useragent
2025-04-10 22:44:44 - web_scraper.utils.parallel_processor - INFO - Starting parallel processing of 11 URLs with 3 workers
2025-04-10 22:44:44 - root - INFO - Processing URL: https://www.uscis.gov/humanitarian/refugees-and-asylum
2025-04-10 22:44:44 - root - INFO - Processing URL: https://www.uscis.gov/forms/explore-my-options
2025-04-10 22:44:44 - root - INFO - Processing URL: https://www.uscis.gov/green-card
2025-04-10 22:44:45 - root - INFO - Processing URL: https://www.usa.gov/immigration-and-citizenship
2025-04-10 22:44:45 - web_scraper.utils.parallel_processor - INFO - Completed 1/11: https://www.uscis.gov/green-card
2025-04-10 22:44:47 - root - INFO - Processing URL: https://www.dhs.gov/immigration-statistics
2025-04-10 22:44:47 - web_scraper.utils.parallel_processor - INFO - Completed 2/11: https://www.usa.gov/immigration-and-citizenship
2025-04-10 22:44:52 - root - INFO - Processing URL: https://www.uscis.gov/i-9-central
2025-04-10 22:44:52 - web_scraper.utils.parallel_processor - INFO - Completed 3/11: https://www.dhs.gov/immigration-statistics
2025-04-10 22:44:56 - root - INFO - Processing URL: https://www.ice.gov/
2025-04-10 22:44:56 - web_scraper.utils.parallel_processor - INFO - Completed 4/11: https://www.uscis.gov/i-9-central
2025-04-10 22:44:57 - root - INFO - Processing URL: https://www.cbp.gov/
2025-04-10 22:44:57 - web_scraper.utils.parallel_processor - INFO - Completed 5/11: https://www.ice.gov/
2025-04-10 22:44:58 - root - INFO - Processing URL: https://www.acf.hhs.gov/orr
2025-04-10 22:44:58 - web_scraper.utils.parallel_processor - INFO - Completed 6/11: https://www.uscis.gov/humanitarian/refugees-and-asylum
2025-04-10 22:44:58 - root - INFO - Processing URL: https://www.justice.gov/eoir
2025-04-10 22:44:59 - root - INFO - Processing URL: https://travel.state.gov/content/travel/en/us-visas.html
2025-04-10 22:44:59 - web_scraper.utils.parallel_processor - INFO - Completed 7/11: https://www.uscis.gov/forms/explore-my-options
2025-04-10 22:44:59 - web_scraper.utils.parallel_processor - INFO - Completed 8/11: https://www.cbp.gov/
2025-04-10 22:45:00 - web_scraper.utils.parallel_processor - INFO - Completed 9/11: https://www.justice.gov/eoir
2025-04-10 22:45:02 - web_scraper.utils.parallel_processor - INFO - Completed 10/11: https://travel.state.gov/content/travel/en/us-visas.html
2025-04-10 22:45:04 - web_scraper.utils.parallel_processor - INFO - Completed 11/11: https://www.acf.hhs.gov/orr
2025-04-10 22:45:04 - web_scraper.utils.parallel_processor - INFO - Parallel processing completed. Processed 11 URLs successfully
2025-04-10 22:45:04 - web_scraper.database.data_processor - INFO - Saved 11 records to JSON file: ./data/immigration_comprehensive_data.json
2025-04-10 22:45:04 - root - INFO - Scraping completed. Processed 11 URLs, extracted 11 results.
2025-04-10 22:49:48 - web_scraper.utils.parallel_processor - INFO - Read 11 URLs from immigration_urls.txt
2025-04-10 22:49:48 - web_scraper.utils.user_agent - INFO - Successfully initialized fake-useragent
2025-04-10 22:49:48 - web_scraper.utils.parallel_processor - INFO - Starting parallel processing of 11 URLs with 3 workers
2025-04-10 22:49:48 - root - INFO - Processing URL: https://www.uscis.gov/humanitarian/refugees-and-asylum
2025-04-10 22:49:48 - root - INFO - Processing URL: https://www.uscis.gov/forms/explore-my-options
2025-04-10 22:49:48 - root - INFO - Processing URL: https://www.uscis.gov/green-card
2025-04-10 22:49:50 - root - INFO - Processing URL: https://www.usa.gov/immigration-and-citizenship
2025-04-10 22:49:50 - web_scraper.utils.parallel_processor - INFO - Completed 1/11: https://www.uscis.gov/forms/explore-my-options
2025-04-10 22:49:51 - root - INFO - Processing URL: https://www.dhs.gov/immigration-statistics
2025-04-10 22:49:51 - web_scraper.utils.parallel_processor - INFO - Completed 2/11: https://www.usa.gov/immigration-and-citizenship
2025-04-10 22:49:55 - root - INFO - Processing URL: https://www.uscis.gov/i-9-central
2025-04-10 22:49:55 - web_scraper.utils.parallel_processor - INFO - Completed 3/11: https://www.dhs.gov/immigration-statistics
2025-04-10 22:50:03 - root - INFO - Processing URL: https://www.ice.gov/
2025-04-10 22:50:03 - web_scraper.utils.parallel_processor - INFO - Completed 4/11: https://www.uscis.gov/i-9-central
2025-04-10 22:50:03 - root - INFO - Processing URL: https://www.cbp.gov/
2025-04-10 22:50:03 - web_scraper.utils.parallel_processor - INFO - Completed 5/11: https://www.uscis.gov/green-card
2025-04-10 22:50:04 - web_scraper.utils.parallel_processor - INFO - Completed 6/11: https://www.uscis.gov/humanitarian/refugees-and-asylum
2025-04-10 22:50:04 - root - INFO - Processing URL: https://www.acf.hhs.gov/orr
2025-04-10 22:50:05 - root - INFO - Processing URL: https://www.justice.gov/eoir
2025-04-10 22:50:05 - root - INFO - Processing URL: https://travel.state.gov/content/travel/en/us-visas.html
2025-04-10 22:50:05 - web_scraper.utils.parallel_processor - INFO - Completed 7/11: https://www.ice.gov/
2025-04-10 22:50:05 - web_scraper.utils.parallel_processor - INFO - Completed 8/11: https://www.cbp.gov/
2025-04-10 22:50:09 - web_scraper.utils.parallel_processor - INFO - Completed 9/11: https://travel.state.gov/content/travel/en/us-visas.html
2025-04-10 22:50:10 - web_scraper.utils.parallel_processor - INFO - Completed 10/11: https://www.acf.hhs.gov/orr
2025-04-10 22:50:10 - web_scraper.utils.parallel_processor - INFO - Completed 11/11: https://www.justice.gov/eoir
2025-04-10 22:50:10 - web_scraper.utils.parallel_processor - INFO - Parallel processing completed. Processed 11 URLs successfully
2025-04-10 22:50:10 - web_scraper.database.data_processor - INFO - Saved 11 records to JSON file: ./data/comprehensive_immigration_data.json
2025-04-10 22:50:10 - root - INFO - Scraping completed. Processed 11 URLs, extracted 11 results.
2025-04-10 22:53:53 - web_scraper.utils.parallel_processor - INFO - Read 19 URLs from urls.txt
2025-04-10 22:53:53 - web_scraper.utils.user_agent - INFO - Successfully initialized fake-useragent
2025-04-10 22:53:53 - web_scraper.utils.parallel_processor - INFO - Starting parallel processing of 19 URLs with 3 workers
2025-04-10 22:53:53 - root - INFO - Processing URL: https://www.uscis.gov/humanitarian/refugees-and-asylum
2025-04-10 22:53:53 - root - INFO - Processing URL: https://www.uscis.gov/forms/explore-my-options
2025-04-10 22:53:53 - root - INFO - Processing URL: https://www.uscis.gov/green-card
2025-04-10 22:53:54 - root - INFO - Processing URL: https://www.immigration.govt.nz/new-zealand-visas
2025-04-10 22:53:54 - web_scraper.utils.parallel_processor - INFO - Completed 1/19: https://www.uscis.gov/humanitarian/refugees-and-asylum
2025-04-10 22:53:57 - root - INFO - Processing URL: https://www.canada.ca/en/immigration-refugees-citizenship/services/immigrate-canada.html
2025-04-10 22:53:57 - web_scraper.utils.parallel_processor - INFO - Completed 2/19: https://www.immigration.govt.nz/new-zealand-visas
2025-04-10 22:54:07 - root - INFO - Processing URL: https://www.gov.uk/browse/visas-immigration
2025-04-10 22:54:07 - web_scraper.utils.parallel_processor - INFO - Completed 3/19: https://www.uscis.gov/forms/explore-my-options
2025-04-10 22:54:07 - root - INFO - Processing URL: https://singapore.diplomatie.belgium.be/en/travel-belgium/visa-belgium/visa-faq
2025-04-10 22:54:08 - web_scraper.utils.parallel_processor - INFO - Completed 4/19: https://www.uscis.gov/green-card
2025-04-10 22:54:10 - root - INFO - Processing URL: https://www.australia.gov.au/information-and-services/immigration-and-visas
2025-04-10 22:54:10 - web_scraper.utils.parallel_processor - INFO - Completed 5/19: https://www.gov.uk/browse/visas-immigration
2025-04-10 22:54:12 - root - INFO - Processing URL: https://www.uscis.gov/humanitarian/refugees-and-asylum
2025-04-10 22:54:12 - web_scraper.utils.parallel_processor - INFO - Completed 6/19: https://www.australia.gov.au/information-and-services/immigration-and-visas
2025-04-10 22:54:13 - root - INFO - Processing URL: https://www.uscis.gov/forms/explore-my-options
2025-04-10 22:54:13 - web_scraper.utils.parallel_processor - INFO - Completed 7/19: https://singapore.diplomatie.belgium.be/en/travel-belgium/visa-belgium/visa-faq
2025-04-10 22:54:18 - root - INFO - Processing URL: https://www.uscis.gov/green-card
2025-04-10 22:54:18 - web_scraper.utils.parallel_processor - INFO - Completed 8/19: https://www.uscis.gov/forms/explore-my-options
2025-04-10 22:54:18 - root - INFO - Processing URL: https://www.usa.gov/immigration-and-citizenship
2025-04-10 22:54:18 - web_scraper.utils.parallel_processor - INFO - Completed 9/19: https://www.uscis.gov/humanitarian/refugees-and-asylum
2025-04-10 22:54:21 - root - INFO - Processing URL: https://www.dhs.gov/immigration-statistics
2025-04-10 22:54:21 - web_scraper.utils.parallel_processor - INFO - Completed 10/19: https://www.usa.gov/immigration-and-citizenship
2025-04-10 22:54:23 - root - INFO - Processing URL: https://www.uscis.gov/i-9-central
2025-04-10 22:54:23 - web_scraper.utils.parallel_processor - INFO - Completed 11/19: https://www.dhs.gov/immigration-statistics
2025-04-10 22:54:29 - root - INFO - Processing URL: https://www.ice.gov/
2025-04-10 22:54:29 - web_scraper.utils.parallel_processor - INFO - Completed 12/19: https://www.uscis.gov/green-card
2025-04-10 22:54:29 - root - INFO - Processing URL: https://www.cbp.gov/
2025-04-10 22:54:30 - web_scraper.utils.parallel_processor - INFO - Completed 13/19: https://www.uscis.gov/i-9-central
2025-04-10 22:54:30 - root - INFO - Processing URL: https://www.acf.hhs.gov/orr
2025-04-10 22:54:30 - web_scraper.utils.parallel_processor - INFO - Completed 14/19: https://www.cbp.gov/
2025-04-10 22:54:30 - root - INFO - Processing URL: https://www.justice.gov/eoir
2025-04-10 22:54:30 - web_scraper.utils.parallel_processor - INFO - Completed 15/19: https://www.ice.gov/
2025-04-10 22:54:31 - web_scraper.core.rate_limiter - WARNING - Request failed (attempt 1/4): HTTPSConnectionPool(host='www.canada.ca', port=443): Read timed out. (read timeout=30)
2025-04-10 22:54:31 - web_scraper.core.rate_limiter - INFO - Retry 1/3: Waiting 1.03 seconds
2025-04-10 22:54:31 - root - INFO - Processing URL: https://travel.state.gov/content/travel/en/us-visas.html
2025-04-10 22:54:31 - web_scraper.utils.parallel_processor - INFO - Completed 16/19: https://www.justice.gov/eoir
2025-04-10 22:54:34 - web_scraper.utils.parallel_processor - INFO - Completed 17/19: https://www.acf.hhs.gov/orr
2025-04-10 22:54:38 - web_scraper.utils.parallel_processor - INFO - Completed 18/19: https://travel.state.gov/content/travel/en/us-visas.html
2025-04-10 22:55:05 - web_scraper.core.rate_limiter - WARNING - Request failed (attempt 2/4): HTTPSConnectionPool(host='www.canada.ca', port=443): Read timed out. (read timeout=30)
2025-04-10 22:55:05 - web_scraper.core.rate_limiter - INFO - Retry 2/3: Waiting 2.16 seconds
2025-04-10 22:55:40 - web_scraper.core.rate_limiter - WARNING - Request failed (attempt 3/4): HTTPSConnectionPool(host='www.canada.ca', port=443): Read timed out. (read timeout=30)
2025-04-10 22:55:40 - web_scraper.core.rate_limiter - INFO - Retry 3/3: Waiting 4.09 seconds
2025-04-10 22:56:18 - web_scraper.core.rate_limiter - WARNING - Request failed (attempt 4/4): HTTPSConnectionPool(host='www.canada.ca', port=443): Read timed out. (read timeout=30)
2025-04-10 22:56:18 - root - ERROR - Error processing URL https://www.canada.ca/en/immigration-refugees-citizenship/services/immigrate-canada.html: HTTPSConnectionPool(host='www.canada.ca', port=443): Read timed out. (read timeout=30)
2025-04-10 22:56:18 - web_scraper.utils.parallel_processor - INFO - Completed 19/19: https://www.canada.ca/en/immigration-refugees-citizenship/services/immigrate-canada.html
2025-04-10 22:56:18 - web_scraper.utils.parallel_processor - INFO - Parallel processing completed. Processed 19 URLs successfully
2025-04-10 22:56:18 - web_scraper.database.data_processor - INFO - Removed 3 duplicate entries
2025-04-10 22:56:18 - web_scraper.database.data_processor - INFO - Saved 16 records to JSON file: ./data/comprehensive_immigration_data.json
2025-04-10 22:56:18 - root - INFO - Scraping completed. Processed 19 URLs, extracted 16 results.
